<?xml version="1.0" encoding="UTF-8"?>
<!-- Generated by org.testng.reporters.JUnitReportReporter -->
<testsuite hostname="L10-9ZM5Q32" failures="0" tests="1" name="Sample_Selenium_Project.Test1.TestOne" time="5.018" errors="0" timestamp="25 Aug 2018 00:20:35 GMT" skipped="0">
  <testcase classname="Sample_Selenium_Project.Test1.TestOne" name="testOne" time="5.018"/>
</testsuite> <!-- Sample_Selenium_Project.Test1.TestOne -->
